Release 12.4 - xst M.81d (nt64)
Copyright (c) 1995-2010 Xilinx, Inc.  All rights reserved.
--> Parameter TMPDIR set to xst/projnav.tmp


Total REAL time to Xst completion: 1.00 secs
Total CPU time to Xst completion: 0.28 secs
 
--> Parameter xsthdpdir set to xst


Total REAL time to Xst completion: 1.00 secs
Total CPU time to Xst completion: 0.28 secs
 
--> Reading design: aula2_parte5.prj

TABLE OF CONTENTS
  1) Synthesis Options Summary
  2) HDL Compilation
  3) Design Hierarchy Analysis
  4) HDL Analysis
  5) HDL Synthesis
     5.1) HDL Synthesis Report
  6) Advanced HDL Synthesis
     6.1) Advanced HDL Synthesis Report
  7) Low Level Synthesis
  8) Partition Report
  9) Final Report
	9.1) Device utilization summary
	9.2) Partition Resource Summary
	9.3) TIMING REPORT


=========================================================================
*                      Synthesis Options Summary                        *
=========================================================================
---- Source Parameters
Input File Name                    : "aula2_parte5.prj"
Input Format                       : mixed
Ignore Synthesis Constraint File   : NO

---- Target Parameters
Output File Name                   : "aula2_parte5"
Output Format                      : NGC
Target Device                      : xc3s500e-4-fg320

---- Source Options
Top Module Name                    : aula2_parte5
Automatic FSM Extraction           : YES
FSM Encoding Algorithm             : Auto
Safe Implementation                : No
FSM Style                          : LUT
RAM Extraction                     : Yes
RAM Style                          : Auto
ROM Extraction                     : Yes
Mux Style                          : Auto
Decoder Extraction                 : YES
Priority Encoder Extraction        : Yes
Shift Register Extraction          : YES
Logical Shifter Extraction         : YES
XOR Collapsing                     : YES
ROM Style                          : Auto
Mux Extraction                     : Yes
Resource Sharing                   : YES
Asynchronous To Synchronous        : NO
Multiplier Style                   : Auto
Automatic Register Balancing       : No

---- Target Options
Add IO Buffers                     : YES
Global Maximum Fanout              : 500
Add Generic Clock Buffer(BUFG)     : 24
Register Duplication               : YES
Slice Packing                      : YES
Optimize Instantiated Primitives   : NO
Use Clock Enable                   : Yes
Use Synchronous Set                : Yes
Use Synchronous Reset              : Yes
Pack IO Registers into IOBs        : Auto
Equivalent register Removal        : YES

---- General Options
Optimization Goal                  : Speed
Optimization Effort                : 1
Keep Hierarchy                     : No
Netlist Hierarchy                  : As_Optimized
RTL Output                         : Yes
Global Optimization                : AllClockNets
Read Cores                         : YES
Write Timing Constraints           : NO
Cross Clock Analysis               : NO
Hierarchy Separator                : /
Bus Delimiter                      : <>
Case Specifier                     : Maintain
Slice Utilization Ratio            : 100
BRAM Utilization Ratio             : 100
Verilog 2001                       : YES
Auto BRAM Packing                  : NO
Slice Utilization Ratio Delta      : 5

=========================================================================


=========================================================================
*                          HDL Compilation                              *
=========================================================================
Compiling vhdl file "C:/Users/rafa/aula2_parte5/aula2_parte5.vhd" in Library work.
Architecture func of Entity xorgate is up to date.
Architecture func of Entity full_adder is up to date.
Architecture struct of Entity aula2_parte5 is up to date.

=========================================================================
*                     Design Hierarchy Analysis                         *
=========================================================================
Analyzing hierarchy for entity <aula2_parte5> in library <work> (architecture <struct>).

Analyzing hierarchy for entity <xorGate> in library <work> (architecture <func>).

Analyzing hierarchy for entity <Full_Adder> in library <work> (architecture <func>).


=========================================================================
*                            HDL Analysis                               *
=========================================================================
Analyzing Entity <aula2_parte5> in library <work> (Architecture <struct>).
Entity <aula2_parte5> analyzed. Unit <aula2_parte5> generated.

Analyzing Entity <xorGate> in library <work> (Architecture <func>).
Entity <xorGate> analyzed. Unit <xorGate> generated.

Analyzing Entity <Full_Adder> in library <work> (Architecture <func>).
Entity <Full_Adder> analyzed. Unit <Full_Adder> generated.


=========================================================================
*                           HDL Synthesis                               *
=========================================================================

Performing bidirectional port resolution...

Synthesizing Unit <xorGate>.
    Related source file is "C:/Users/rafa/aula2_parte5/aula2_parte5.vhd".
    Found 1-bit xor2 for signal <F>.
Unit <xorGate> synthesized.


Synthesizing Unit <Full_Adder>.
    Related source file is "C:/Users/rafa/aula2_parte5/aula2_parte5.vhd".
    Found 1-bit xor3 for signal <sum>.
    Summary:
	inferred   1 Xor(s).
Unit <Full_Adder> synthesized.


Synthesizing Unit <aula2_parte5>.
    Related source file is "C:/Users/rafa/aula2_parte5/aula2_parte5.vhd".
    Found 16x7-bit ROM for signal <encodeOut>.
    Summary:
	inferred   1 ROM(s).
Unit <aula2_parte5> synthesized.


=========================================================================
HDL Synthesis Report

Macro Statistics
# ROMs                                                 : 1
 16x7-bit ROM                                          : 1
# Xors                                                 : 9
 1-bit xor2                                            : 5
 1-bit xor3                                            : 4

=========================================================================

=========================================================================
*                       Advanced HDL Synthesis                          *
=========================================================================


=========================================================================
Advanced HDL Synthesis Report

Macro Statistics
# ROMs                                                 : 1
 16x7-bit ROM                                          : 1
# Xors                                                 : 9
 1-bit xor2                                            : 5
 1-bit xor3                                            : 4

=========================================================================

=========================================================================
*                         Low Level Synthesis                           *
=========================================================================

Optimizing unit <aula2_parte5> ...

Mapping all equations...
Building and optimizing final netlist ...
Found area constraint ratio of 100 (+ 5) on block aula2_parte5, actual ratio is 0.

Final Macro Processing ...

=========================================================================
Final Register Report

Found no macro
=========================================================================

=========================================================================
*                           Partition Report                            *
=========================================================================

Partition Implementation Status
-------------------------------

  No Partitions were found in this design.

-------------------------------

=========================================================================
*                            Final Report                               *
=========================================================================
Final Results
RTL Top Level Output File Name     : aula2_parte5.ngr
Top Level Output File Name         : aula2_parte5
Output Format                      : NGC
Optimization Goal                  : Speed
Keep Hierarchy                     : No

Design Statistics
# IOs                              : 18

Cell Usage :
# BELS                             : 16
#      LUT2                        : 1
#      LUT3                        : 1
#      LUT4                        : 14
# IO Buffers                       : 18
#      IBUF                        : 9
#      OBUF                        : 9
=========================================================================

Device utilization summary:
---------------------------

Selected Device : 3s500efg320-4 

 Number of Slices:                        9  out of   4656     0%  
 Number of 4 input LUTs:                 16  out of   9312     0%  
 Number of IOs:                          18
 Number of bonded IOBs:                  18  out of    232     7%  

---------------------------
Partition Resource Summary:
---------------------------

  No Partitions were found in this design.

---------------------------


=========================================================================
TIMING REPORT

NOTE: THESE TIMING NUMBERS ARE ONLY A SYNTHESIS ESTIMATE.
      FOR ACCURATE TIMING INFORMATION PLEASE REFER TO THE TRACE REPORT
      GENERATED AFTER PLACE-and-ROUTE.

Clock Information:
------------------
No clock signals found in this design

Asynchronous Control Signals Information:
----------------------------------------
No asynchronous control signals found in this design

Timing Summary:
---------------
Speed Grade: -4

   Minimum period: No path found
   Minimum input arrival time before clock: No path found
   Maximum output required time after clock: No path found
   Maximum combinational path delay: 12.003ns

Timing Detail:
--------------
All values displayed in nanoseconds (ns)

=========================================================================
Timing constraint: Default path analysis
  Total number of paths / destination ports: 227 / 9
-------------------------------------------------------------------------
Delay:               12.003ns (Levels of Logic = 7)
  Source:            addsub (PAD)
  Destination:       encodeOut<4> (PAD)

  Data Path: addsub to encodeOut<4>
                                Gate     Net
    Cell:in->out      fanout   Delay   Delay  Logical Name (Net Name)
    ----------------------------------------  ------------
     IBUF:I->O             8   1.218   0.836  addsub_IBUF (addsub_IBUF)
     LUT3:I1->O            2   0.704   0.622  FA0/Cout1 (C1)
     LUT4:I0->O            2   0.704   0.622  FA1/Cout1 (C2)
     LUT4:I0->O            3   0.704   0.610  FA2/Cout1 (C3)
     LUT4:I1->O            7   0.704   0.883  FA3/Mxor_sum_xo<0>1 (result<3>)
     LUT4:I0->O            1   0.704   0.420  Mrom_encodeOut41 (encodeOut_4_OBUF)
     OBUF:I->O                 3.272          encodeOut_4_OBUF (encodeOut<4>)
    ----------------------------------------
    Total                     12.003ns (8.010ns logic, 3.993ns route)
                                       (66.7% logic, 33.3% route)

=========================================================================


Total REAL time to Xst completion: 8.00 secs
Total CPU time to Xst completion: 7.72 secs
 
--> 

Total memory usage is 242012 kilobytes

Number of errors   :    0 (   0 filtered)
Number of warnings :    0 (   0 filtered)
Number of infos    :    0 (   0 filtered)

