ISim log file
Running: C:\Users\rafa\Parte3\Parte3_isim_beh.exe -gui -tclbatch isim.cmd -wdb C:/Users/rafa/Parte3/Parte3_isim_beh.wdb 
ISim M.81d (signature 0x12940baa)
WARNING: A WEBPACK license was found.
WARNING: Please use Xilinx License Configuration Manager to check out a full ISim license.
WARNING: ISim will run in Lite mode. Please refer to the ISim documentation for more information on the differences between the Lite and the Full version.
This is a Lite version of ISim.
Time resolution is 1 ps
# onerror resume
# wave add /
# run 1000 ns
Simulator is doing circuit initialization process.
Finished circuit initialization process.
# isim force add /parte3/datain0 0 -radix bin
# isim force add /parte3/datain0 0 -radix bin
# isim force add /parte3/datain1 1 -radix bin
# isim force add /parte3/datain1 1 -radix bin
# isim force add /parte3/sel 1 -radix bin
# isim force add /parte3/sel 1 -radix bin
# run all
# isim force add /parte3/datain0 0 -radix bin
# restart
# isim force add /parte3/datain0 0 -radix bin
# isim force add /parte3/datain0 0 -radix bin
# isim force add /parte3/datain1 1 -radix bin
# isim force add /parte3/datain1 1 -radix bin
# isim force add /parte3/sel 0 -radix bin
# isim force add /parte3/sel 0 -radix bin
# run all
Simulator is doing circuit initialization process.
Finished circuit initialization process.
# restart
# isim force add /parte3/datain0 0 -radix bin
# isim force add /parte3/datain0 0 -radix bin
# isim force add /parte3/datain1 1 -radix bin
# isim force add /parte3/datain1 1 -radix bin
# isim force add /parte3/sel 1 -radix bin
# isim force add /parte3/sel 1 -radix bin
# run all
Simulator is doing circuit initialization process.
Finished circuit initialization process.
