--------------------------------------------------------------------------------
Release 12.4 Trace  (nt)
Copyright (c) 1995-2010 Xilinx, Inc.  All rights reserved.

C:\Xilinx\12.4\ISE_DS\ISE\bin\nt\unwrapped\trce.exe -intstyle ise -v 3 -s 4 -n
3 -fastpaths -xml aula4_parte3.twx aula4_parte3.ncd -o aula4_parte3.twr
aula4_parte3.pcf -ucf aula4_parte3.ucf

Design file:              aula4_parte3.ncd
Physical constraint file: aula4_parte3.pcf
Device,package,speed:     xc3s500e,fg320,-4 (PRODUCTION 1.27 2010-11-18)
Report level:             verbose report

Environment Variable      Effect 
--------------------      ------ 
NONE                      No environment variables were set
--------------------------------------------------------------------------------

INFO:Timing:2698 - No timing constraints found, doing default enumeration.
INFO:Timing:2752 - To get complete path coverage, use the unconstrained paths 
   option. All paths that are not constrained will be reported in the 
   unconstrained paths section(s) of the report.
INFO:Timing:3339 - The clock-to-out numbers in this timing report are based on 
   a 50 Ohm transmission line loading model.  For the details of this model, 
   and for more information on accounting for different loading conditions, 
   please see the device datasheet.
INFO:Timing:3390 - This architecture does not support a default System Jitter 
   value, please add SYSTEM_JITTER constraint to the UCF to modify the Clock 
   Uncertainty calculation.
INFO:Timing:3389 - This architecture does not support 'Discrete Jitter' and 
   'Phase Error' calculations, these terms will be zero in the Clock 
   Uncertainty calculation.  Please make appropriate modification to 
   SYSTEM_JITTER to account for the unsupported Discrete Jitter and Phase 
   Error.



Data Sheet report:
-----------------
All values displayed in nanoseconds (ns)

Clock to Setup on destination clock writeClk
---------------+---------+---------+---------+---------+
               | Src:Rise| Src:Fall| Src:Rise| Src:Fall|
Source Clock   |Dest:Rise|Dest:Rise|Dest:Fall|Dest:Fall|
---------------+---------+---------+---------+---------+
writeClk       |    6.057|         |         |         |
---------------+---------+---------+---------+---------+

Pad to Pad
---------------+---------------+---------+
Source Pad     |Destination Pad|  Delay  |
---------------+---------------+---------+
address<0>     |readData<0>    |    6.288|
address<0>     |readData<1>    |    6.283|
address<1>     |readData<0>    |    6.762|
address<1>     |readData<1>    |    6.722|
address<2>     |readData<0>    |    7.659|
address<2>     |readData<1>    |    7.659|
---------------+---------------+---------+


Analysis completed Mon Mar 14 14:18:58 2011 
--------------------------------------------------------------------------------

Trace Settings:
-------------------------
Trace Settings 

Peak Memory Usage: 127 MB



