Command line:
   Parte1_isim_beh.exe
     -simmode  gui
     -simrunnum  0
     -socket  8076

Wed Feb 16 15:14:53 2011


 Elaboration Time: 0.0312 sec

 Current Memory Usage: 493.695 Meg

 Total Signals          : 3
 Total Nets             : 3
 Total Signal Drivers   : 1
 Total Blocks           : 2
 Total Primitive Blocks : 2
 Total Processes        : 1
 Total Traceable Variables  : 8
 Total Scalar Nets and Variables : 363
Total Line Count : 1
Total Line Count : 1
Total Line Count : 1

 Total Simulation Time: 0.0936 sec

 Current Memory Usage: 493.695 Meg

Wed Feb 16 15:16:07 2011

