--------------------------------------------------------------------------------
Release 12.4 Trace  (nt64)
Copyright (c) 1995-2010 Xilinx, Inc.  All rights reserved.

C:\Xilinx\12.4\ISE_DS\ISE\bin\nt64\unwrapped\trce.exe -intstyle ise -v 3 -s 4
-n 3 -fastpaths -xml aula2_parte4.twx aula2_parte4.ncd -o aula2_parte4.twr
aula2_parte4.pcf

Design file:              aula2_parte4.ncd
Physical constraint file: aula2_parte4.pcf
Device,package,speed:     xc3s500e,fg320,-4 (PRODUCTION 1.27 2010-11-18)
Report level:             verbose report

Environment Variable      Effect 
--------------------      ------ 
NONE                      No environment variables were set
--------------------------------------------------------------------------------

INFO:Timing:2698 - No timing constraints found, doing default enumeration.
INFO:Timing:2752 - To get complete path coverage, use the unconstrained paths 
   option. All paths that are not constrained will be reported in the 
   unconstrained paths section(s) of the report.
INFO:Timing:3339 - The clock-to-out numbers in this timing report are based on 
   a 50 Ohm transmission line loading model.  For the details of this model, 
   and for more information on accounting for different loading conditions, 
   please see the device datasheet.
INFO:Timing:3390 - This architecture does not support a default System Jitter 
   value, please add SYSTEM_JITTER constraint to the UCF to modify the Clock 
   Uncertainty calculation.
INFO:Timing:3389 - This architecture does not support 'Discrete Jitter' and 
   'Phase Error' calculations, these terms will be zero in the Clock 
   Uncertainty calculation.  Please make appropriate modification to 
   SYSTEM_JITTER to account for the unsupported Discrete Jitter and Phase 
   Error.



Data Sheet report:
-----------------
All values displayed in nanoseconds (ns)

Pad to Pad
---------------+---------------+---------+
Source Pad     |Destination Pad|  Delay  |
---------------+---------------+---------+
decodeIn<0>    |encodeOut<0>   |    6.686|
decodeIn<0>    |encodeOut<1>   |    6.403|
decodeIn<0>    |encodeOut<2>   |    6.651|
decodeIn<0>    |encodeOut<3>   |    6.403|
decodeIn<0>    |encodeOut<4>   |    6.740|
decodeIn<0>    |encodeOut<5>   |    7.038|
decodeIn<0>    |encodeOut<6>   |    6.602|
decodeIn<1>    |encodeOut<0>   |    6.374|
decodeIn<1>    |encodeOut<1>   |    6.031|
decodeIn<1>    |encodeOut<2>   |    6.339|
decodeIn<1>    |encodeOut<3>   |    6.031|
decodeIn<1>    |encodeOut<4>   |    6.428|
decodeIn<1>    |encodeOut<5>   |    6.666|
decodeIn<1>    |encodeOut<6>   |    6.497|
decodeIn<2>    |encodeOut<0>   |    6.422|
decodeIn<2>    |encodeOut<1>   |    6.104|
decodeIn<2>    |encodeOut<2>   |    6.387|
decodeIn<2>    |encodeOut<3>   |    6.104|
decodeIn<2>    |encodeOut<4>   |    6.298|
decodeIn<2>    |encodeOut<5>   |    6.601|
decodeIn<2>    |encodeOut<6>   |    6.312|
decodeIn<3>    |encodeOut<0>   |    7.718|
decodeIn<3>    |encodeOut<1>   |    7.440|
decodeIn<3>    |encodeOut<2>   |    7.683|
decodeIn<3>    |encodeOut<3>   |    7.440|
decodeIn<3>    |encodeOut<4>   |    6.354|
decodeIn<3>    |encodeOut<5>   |    6.617|
decodeIn<3>    |encodeOut<6>   |    6.259|
---------------+---------------+---------+


Analysis completed Sat Feb 19 21:47:07 2011 
--------------------------------------------------------------------------------

Trace Settings:
-------------------------
Trace Settings 

Peak Memory Usage: 154 MB



